{"/workspace/sevdesk-shopify-connector/src/clients/sevdesk.ts": {"path":"/workspace/sevdesk-shopify-connector/src/clients/sevdesk.ts","statementMap":{"0":{"start":{"line":1,"column":0},"end":{"line":1,"column":35}},"1":{"start":{"line":14,"column":4},"end":{"line":14,"column":42}},"2":{"start":{"line":15,"column":4},"end":{"line":15,"column":40}},"3":{"start":{"line":19,"column":16},"end":{"line":19,"column":44}},"4":{"start":{"line":21,"column":21},"end":{"line":28,"column":6}},"5":{"start":{"line":30,"column":4},"end":{"line":33,"column":5}},"6":{"start":{"line":31,"column":20},"end":{"line":31,"column":41}},"7":{"start":{"line":32,"column":6},"end":{"line":32,"column":72}},"8":{"start":{"line":35,"column":4},"end":{"line":35,"column":41}},"9":{"start":{"line":39,"column":21},"end":{"line":40,"column":null}},"10":{"start":{"line":43,"column":4},"end":{"line":45,"column":5}},"11":{"start":{"line":44,"column":6},"end":{"line":44,"column":57}},"12":{"start":{"line":47,"column":4},"end":{"line":47,"column":31}},"13":{"start":{"line":51,"column":19},"end":{"line":51,"column":41}},"14":{"start":{"line":53,"column":4},"end":{"line":56,"column":5}},"15":{"start":{"line":54,"column":22},"end":{"line":54,"column":55}},"16":{"start":{"line":55,"column":6},"end":{"line":55,"column":48}},"17":{"start":{"line":59,"column":4},"end":{"line":59,"column":29}},"18":{"start":{"line":61,"column":21},"end":{"line":61,"column":73}},"19":{"start":{"line":63,"column":4},"end":{"line":63,"column":76}},"20":{"start":{"line":65,"column":4},"end":{"line":65,"column":28}},"21":{"start":{"line":69,"column":21},"end":{"line":70,"column":null}},"22":{"start":{"line":73,"column":4},"end":{"line":75,"column":5}},"23":{"start":{"line":74,"column":6},"end":{"line":74,"column":57}},"24":{"start":{"line":77,"column":4},"end":{"line":77,"column":31}},"25":{"start":{"line":81,"column":21},"end":{"line":81,"column":110}},"26":{"start":{"line":83,"column":21},"end":{"line":83,"column":73}},"27":{"start":{"line":85,"column":4},"end":{"line":85,"column":28}},"28":{"start":{"line":9,"column":0},"end":{"line":9,"column":13}},"29":{"start":{"line":89,"column":13},"end":{"line":89,"column":49}}},"fnMap":{"0":{"name":"(anonymous_0)","decl":{"start":{"line":13,"column":2},"end":{"line":13,"column":null}},"loc":{"start":{"line":13,"column":2},"end":{"line":16,"column":3}}},"1":{"name":"(anonymous_1)","decl":{"start":{"line":18,"column":10},"end":{"line":18,"column":15}},"loc":{"start":{"line":18,"column":70},"end":{"line":36,"column":3}}},"2":{"name":"(anonymous_2)","decl":{"start":{"line":38,"column":2},"end":{"line":38,"column":7}},"loc":{"start":{"line":38,"column":36},"end":{"line":48,"column":3}}},"3":{"name":"(anonymous_3)","decl":{"start":{"line":50,"column":2},"end":{"line":50,"column":7}},"loc":{"start":{"line":50,"column":36},"end":{"line":66,"column":3}}},"4":{"name":"(anonymous_4)","decl":{"start":{"line":68,"column":2},"end":{"line":68,"column":7}},"loc":{"start":{"line":68,"column":43},"end":{"line":78,"column":3}}},"5":{"name":"(anonymous_5)","decl":{"start":{"line":80,"column":2},"end":{"line":80,"column":7}},"loc":{"start":{"line":80,"column":51},"end":{"line":86,"column":3}}}},"branchMap":{"0":{"loc":{"start":{"line":18,"column":45},"end":{"line":18,"column":70}},"type":"default-arg","locations":[{"start":{"line":18,"column":68},"end":{"line":18,"column":70}}]},"1":{"loc":{"start":{"line":30,"column":4},"end":{"line":33,"column":5}},"type":"if","locations":[{"start":{"line":30,"column":4},"end":{"line":33,"column":5}}]},"2":{"loc":{"start":{"line":43,"column":4},"end":{"line":45,"column":5}},"type":"if","locations":[{"start":{"line":43,"column":4},"end":{"line":45,"column":5}}]},"3":{"loc":{"start":{"line":53,"column":4},"end":{"line":56,"column":5}},"type":"if","locations":[{"start":{"line":53,"column":4},"end":{"line":56,"column":5}}]},"4":{"loc":{"start":{"line":73,"column":4},"end":{"line":75,"column":5}},"type":"if","locations":[{"start":{"line":73,"column":4},"end":{"line":75,"column":5}}]}},"s":{"0":1,"1":10,"2":10,"3":9,"4":9,"5":9,"6":1,"7":1,"8":8,"9":3,"10":2,"11":1,"12":1,"13":3,"14":3,"15":1,"16":1,"17":3,"18":3,"19":3,"20":3,"21":2,"22":2,"23":1,"24":1,"25":1,"26":1,"27":1,"28":1,"29":1},"f":{"0":10,"1":9,"2":3,"3":3,"4":2,"5":1},"b":{"0":[9],"1":[1],"2":[1],"3":[1],"4":[1]}}
,"/workspace/sevdesk-shopify-connector/src/clients/shopify.ts": {"path":"/workspace/sevdesk-shopify-connector/src/clients/shopify.ts","statementMap":{"0":{"start":{"line":1,"column":0},"end":{"line":1,"column":35}},"1":{"start":{"line":10,"column":39},"end":{"line":10,"column":43}},"2":{"start":{"line":11,"column":40},"end":{"line":11,"column":44}},"3":{"start":{"line":14,"column":4},"end":{"line":14,"column":31}},"4":{"start":{"line":19,"column":4},"end":{"line":21,"column":5}},"5":{"start":{"line":20,"column":6},"end":{"line":20,"column":30}},"6":{"start":{"line":24,"column":16},"end":{"line":24,"column":66}},"7":{"start":{"line":26,"column":21},"end":{"line":36,"column":6}},"8":{"start":{"line":38,"column":4},"end":{"line":41,"column":5}},"9":{"start":{"line":39,"column":20},"end":{"line":39,"column":41}},"10":{"start":{"line":40,"column":6},"end":{"line":40,"column":89}},"11":{"start":{"line":43,"column":17},"end":{"line":43,"column":68}},"12":{"start":{"line":46,"column":4},"end":{"line":46,"column":80}},"13":{"start":{"line":47,"column":4},"end":{"line":47,"column":41}},"14":{"start":{"line":49,"column":4},"end":{"line":49,"column":83}},"15":{"start":{"line":51,"column":4},"end":{"line":51,"column":28}},"16":{"start":{"line":55,"column":18},"end":{"line":55,"column":45}},"17":{"start":{"line":57,"column":21},"end":{"line":67,"column":6}},"18":{"start":{"line":69,"column":4},"end":{"line":72,"column":5}},"19":{"start":{"line":70,"column":20},"end":{"line":70,"column":41}},"20":{"start":{"line":71,"column":6},"end":{"line":71,"column":85}},"21":{"start":{"line":74,"column":19},"end":{"line":74,"column":69}},"22":{"start":{"line":76,"column":4},"end":{"line":78,"column":5}},"23":{"start":{"line":77,"column":6},"end":{"line":77,"column":97}},"24":{"start":{"line":77,"column":72},"end":{"line":77,"column":81}},"25":{"start":{"line":80,"column":4},"end":{"line":80,"column":23}},"26":{"start":{"line":84,"column":18},"end":{"line":105,"column":6}},"27":{"start":{"line":107,"column":4},"end":{"line":107,"column":72}},"28":{"start":{"line":111,"column":18},"end":{"line":128,"column":6}},"29":{"start":{"line":130,"column":17},"end":{"line":130,"column":79}},"30":{"start":{"line":131,"column":4},"end":{"line":131,"column":66}},"31":{"start":{"line":139,"column":4},"end":{"line":142,"column":5}},"32":{"start":{"line":140,"column":6},"end":{"line":140,"column":66}},"33":{"start":{"line":141,"column":6},"end":{"line":141,"column":18}},"34":{"start":{"line":144,"column":18},"end":{"line":165,"column":6}},"35":{"start":{"line":168,"column":24},"end":{"line":168,"column":40}},"36":{"start":{"line":169,"column":21},"end":{"line":172,"column":6}},"37":{"start":{"line":174,"column":4},"end":{"line":177,"column":5}},"38":{"start":{"line":175,"column":6},"end":{"line":175,"column":67}},"39":{"start":{"line":176,"column":6},"end":{"line":176,"column":18}},"40":{"start":{"line":180,"column":28},"end":{"line":180,"column":57}},"41":{"start":{"line":181,"column":4},"end":{"line":181,"column":85}},"42":{"start":{"line":183,"column":4},"end":{"line":183,"column":27}},"43":{"start":{"line":191,"column":18},"end":{"line":204,"column":6}},"44":{"start":{"line":206,"column":21},"end":{"line":216,"column":6}},"45":{"start":{"line":218,"column":4},"end":{"line":223,"column":5}},"46":{"start":{"line":219,"column":28},"end":{"line":221,"column":19}},"47":{"start":{"line":220,"column":18},"end":{"line":220,"column":44}},"48":{"start":{"line":222,"column":6},"end":{"line":222,"column":72}},"49":{"start":{"line":225,"column":4},"end":{"line":227,"column":5}},"50":{"start":{"line":226,"column":6},"end":{"line":226,"column":56}},"51":{"start":{"line":229,"column":4},"end":{"line":229,"column":124}},"52":{"start":{"line":230,"column":4},"end":{"line":230,"column":16}},"53":{"start":{"line":9,"column":0},"end":{"line":9,"column":13}},"54":{"start":{"line":234,"column":13},"end":{"line":234,"column":49}}},"fnMap":{"0":{"name":"(anonymous_0)","decl":{"start":{"line":13,"column":10},"end":{"line":13,"column":23}},"loc":{"start":{"line":13,"column":23},"end":{"line":15,"column":3}}},"1":{"name":"(anonymous_1)","decl":{"start":{"line":17,"column":10},"end":{"line":17,"column":15}},"loc":{"start":{"line":17,"column":30},"end":{"line":52,"column":3}}},"2":{"name":"(anonymous_2)","decl":{"start":{"line":54,"column":2},"end":{"line":54,"column":7}},"loc":{"start":{"line":54,"column":69},"end":{"line":81,"column":3}}},"3":{"name":"(anonymous_3)","decl":{"start":{"line":77,"column":67},"end":{"line":77,"column":68}},"loc":{"start":{"line":77,"column":72},"end":{"line":77,"column":81}}},"4":{"name":"(anonymous_4)","decl":{"start":{"line":83,"column":2},"end":{"line":83,"column":7}},"loc":{"start":{"line":83,"column":28},"end":{"line":108,"column":3}}},"5":{"name":"(anonymous_5)","decl":{"start":{"line":110,"column":2},"end":{"line":110,"column":7}},"loc":{"start":{"line":110,"column":36},"end":{"line":132,"column":3}}},"6":{"name":"(anonymous_6)","decl":{"start":{"line":138,"column":2},"end":{"line":138,"column":7}},"loc":{"start":{"line":138,"column":38},"end":{"line":184,"column":3}}},"7":{"name":"(anonymous_7)","decl":{"start":{"line":190,"column":2},"end":{"line":190,"column":7}},"loc":{"start":{"line":190,"column":39},"end":{"line":231,"column":3}}},"8":{"name":"(anonymous_8)","decl":{"start":{"line":220,"column":13},"end":{"line":220,"column":14}},"loc":{"start":{"line":220,"column":18},"end":{"line":220,"column":44}}}},"branchMap":{"0":{"loc":{"start":{"line":19,"column":4},"end":{"line":21,"column":5}},"type":"if","locations":[{"start":{"line":19,"column":4},"end":{"line":21,"column":5}}]},"1":{"loc":{"start":{"line":19,"column":8},"end":{"line":19,"column":83}},"type":"binary-expr","locations":[{"start":{"line":19,"column":8},"end":{"line":19,"column":24}},{"start":{"line":19,"column":28},"end":{"line":19,"column":47}},{"start":{"line":19,"column":51},"end":{"line":19,"column":83}}]},"2":{"loc":{"start":{"line":38,"column":4},"end":{"line":41,"column":5}},"type":"if","locations":[{"start":{"line":38,"column":4},"end":{"line":41,"column":5}}]},"3":{"loc":{"start":{"line":69,"column":4},"end":{"line":72,"column":5}},"type":"if","locations":[{"start":{"line":69,"column":4},"end":{"line":72,"column":5}}]},"4":{"loc":{"start":{"line":76,"column":4},"end":{"line":78,"column":5}},"type":"if","locations":[{"start":{"line":76,"column":4},"end":{"line":78,"column":5}}]},"5":{"loc":{"start":{"line":76,"column":8},"end":{"line":76,"column":49}},"type":"binary-expr","locations":[{"start":{"line":76,"column":8},"end":{"line":76,"column":21}},{"start":{"line":76,"column":25},"end":{"line":76,"column":49}}]},"6":{"loc":{"start":{"line":83,"column":18},"end":{"line":83,"column":28}},"type":"default-arg","locations":[{"start":{"line":83,"column":26},"end":{"line":83,"column":28}}]},"7":{"loc":{"start":{"line":139,"column":4},"end":{"line":142,"column":5}},"type":"if","locations":[{"start":{"line":139,"column":4},"end":{"line":142,"column":5}}]},"8":{"loc":{"start":{"line":174,"column":4},"end":{"line":177,"column":5}},"type":"if","locations":[{"start":{"line":174,"column":4},"end":{"line":177,"column":5}}]},"9":{"loc":{"start":{"line":174,"column":8},"end":{"line":174,"column":62}},"type":"binary-expr","locations":[{"start":{"line":174,"column":8},"end":{"line":174,"column":24}},{"start":{"line":174,"column":28},"end":{"line":174,"column":62}}]},"10":{"loc":{"start":{"line":218,"column":4},"end":{"line":223,"column":5}},"type":"if","locations":[{"start":{"line":218,"column":4},"end":{"line":223,"column":5}}]},"11":{"loc":{"start":{"line":218,"column":8},"end":{"line":218,"column":85}},"type":"binary-expr","locations":[{"start":{"line":218,"column":8},"end":{"line":218,"column":39}},{"start":{"line":218,"column":43},"end":{"line":218,"column":85}}]},"12":{"loc":{"start":{"line":225,"column":4},"end":{"line":227,"column":5}},"type":"if","locations":[{"start":{"line":225,"column":4},"end":{"line":227,"column":5}}]}},"s":{"0":1,"1":6,"2":6,"3":8,"4":4,"5":0,"6":4,"7":4,"8":4,"9":0,"10":0,"11":4,"12":4,"13":4,"14":4,"15":4,"16":4,"17":4,"18":4,"19":0,"20":0,"21":4,"22":4,"23":0,"24":0,"25":4,"26":0,"27":0,"28":0,"29":0,"30":0,"31":3,"32":1,"33":1,"34":2,"35":2,"36":2,"37":2,"38":1,"39":1,"40":1,"41":1,"42":1,"43":2,"44":2,"45":2,"46":1,"47":1,"48":1,"49":1,"50":0,"51":1,"52":1,"53":1,"54":1},"f":{"0":8,"1":4,"2":4,"3":0,"4":0,"5":0,"6":3,"7":2,"8":1},"b":{"0":[0],"1":[4,0,0],"2":[0],"3":[0],"4":[0],"5":[4,0],"6":[0],"7":[1],"8":[1],"9":[2,2],"10":[1],"11":[2,2],"12":[0]}}
,"/workspace/sevdesk-shopify-connector/src/services/emailSender.ts": {"path":"/workspace/sevdesk-shopify-connector/src/services/emailSender.ts","statementMap":{"0":{"start":{"line":33,"column":0},"end":{"line":33,"column":7}},"1":{"start":{"line":65,"column":0},"end":{"line":65,"column":7}},"2":{"start":{"line":34,"column":2},"end":{"line":34,"column":86}},"3":{"start":{"line":35,"column":2},"end":{"line":35,"column":56}},"4":{"start":{"line":36,"column":2},"end":{"line":36,"column":124}},"5":{"start":{"line":52,"column":2},"end":{"line":52,"column":98}},"6":{"start":{"line":54,"column":2},"end":{"line":57,"column":4}},"7":{"start":{"line":72,"column":2},"end":{"line":72,"column":81}},"8":{"start":{"line":73,"column":2},"end":{"line":73,"column":50}},"9":{"start":{"line":74,"column":2},"end":{"line":74,"column":77}},"10":{"start":{"line":79,"column":2},"end":{"line":82,"column":4}}},"fnMap":{"0":{"name":"sendPaymentEmail","decl":{"start":{"line":33,"column":22},"end":{"line":33,"column":38}},"loc":{"start":{"line":33,"column":58},"end":{"line":58,"column":1}}},"1":{"name":"sendPaymentReminderEmail","decl":{"start":{"line":65,"column":22},"end":{"line":65,"column":46}},"loc":{"start":{"line":70,"column":18},"end":{"line":83,"column":1}}}},"branchMap":{},"s":{"0":1,"1":1,"2":2,"3":2,"4":2,"5":2,"6":2,"7":2,"8":2,"9":2,"10":2},"f":{"0":2,"1":2},"b":{}}
,"/workspace/sevdesk-shopify-connector/src/services/processor.ts": {"path":"/workspace/sevdesk-shopify-connector/src/services/processor.ts","statementMap":{"0":{"start":{"line":59,"column":0},"end":{"line":59,"column":7}},"1":{"start":{"line":2,"column":0},"end":{"line":2,"column":51}},"2":{"start":{"line":3,"column":0},"end":{"line":3,"column":51}},"3":{"start":{"line":4,"column":0},"end":{"line":4,"column":57}},"4":{"start":{"line":5,"column":0},"end":{"line":5,"column":49}},"5":{"start":{"line":22,"column":17},"end":{"line":25,"column":null}},"6":{"start":{"line":27,"column":2},"end":{"line":27,"column":16}},"7":{"start":{"line":41,"column":2},"end":{"line":46,"column":4}},"8":{"start":{"line":47,"column":2},"end":{"line":47,"column":97}},"9":{"start":{"line":60,"column":28},"end":{"line":60,"column":46}},"10":{"start":{"line":62,"column":2},"end":{"line":62,"column":93}},"11":{"start":{"line":64,"column":2},"end":{"line":167,"column":3}},"12":{"start":{"line":66,"column":33},"end":{"line":66,"column":88}},"13":{"start":{"line":67,"column":4},"end":{"line":70,"column":5}},"14":{"start":{"line":68,"column":6},"end":{"line":68,"column":94}},"15":{"start":{"line":69,"column":6},"end":{"line":69,"column":13}},"16":{"start":{"line":73,"column":20},"end":{"line":73,"column":76}},"17":{"start":{"line":75,"column":4},"end":{"line":86,"column":5}},"18":{"start":{"line":76,"column":6},"end":{"line":76,"column":100}},"19":{"start":{"line":77,"column":6},"end":{"line":84,"column":8}},"20":{"start":{"line":85,"column":6},"end":{"line":85,"column":13}},"21":{"start":{"line":88,"column":4},"end":{"line":88,"column":82}},"22":{"start":{"line":91,"column":18},"end":{"line":91,"column":69}},"23":{"start":{"line":93,"column":4},"end":{"line":104,"column":5}},"24":{"start":{"line":94,"column":6},"end":{"line":94,"column":98}},"25":{"start":{"line":95,"column":6},"end":{"line":102,"column":8}},"26":{"start":{"line":103,"column":6},"end":{"line":103,"column":13}},"27":{"start":{"line":106,"column":4},"end":{"line":106,"column":80}},"28":{"start":{"line":107,"column":4},"end":{"line":107,"column":85}},"29":{"start":{"line":110,"column":4},"end":{"line":125,"column":5}},"30":{"start":{"line":111,"column":6},"end":{"line":111,"column":52}},"31":{"start":{"line":112,"column":6},"end":{"line":112,"column":68}},"32":{"start":{"line":114,"column":27},"end":{"line":114,"column":83}},"33":{"start":{"line":115,"column":6},"end":{"line":115,"column":81}},"34":{"start":{"line":116,"column":6},"end":{"line":123,"column":8}},"35":{"start":{"line":124,"column":6},"end":{"line":124,"column":13}},"36":{"start":{"line":130,"column":4},"end":{"line":137,"column":5}},"37":{"start":{"line":131,"column":6},"end":{"line":131,"column":36}},"38":{"start":{"line":132,"column":6},"end":{"line":132,"column":83}},"39":{"start":{"line":134,"column":27},"end":{"line":134,"column":83}},"40":{"start":{"line":135,"column":6},"end":{"line":135,"column":73}},"41":{"start":{"line":140,"column":4},"end":{"line":146,"column":6}},"42":{"start":{"line":148,"column":4},"end":{"line":148,"column":87}},"43":{"start":{"line":151,"column":25},"end":{"line":151,"column":81}},"44":{"start":{"line":152,"column":4},"end":{"line":152,"column":98}},"45":{"start":{"line":155,"column":4},"end":{"line":166,"column":5}},"46":{"start":{"line":156,"column":6},"end":{"line":163,"column":8}},"47":{"start":{"line":165,"column":6},"end":{"line":165,"column":81}}},"fnMap":{"0":{"name":"isAlreadyProcessed","decl":{"start":{"line":21,"column":15},"end":{"line":21,"column":33}},"loc":{"start":{"line":21,"column":77},"end":{"line":28,"column":1}}},"1":{"name":"recordNotification","decl":{"start":{"line":33,"column":15},"end":{"line":33,"column":33}},"loc":{"start":{"line":39,"column":23},"end":{"line":48,"column":1}}},"2":{"name":"processPaidInvoice","decl":{"start":{"line":59,"column":22},"end":{"line":59,"column":40}},"loc":{"start":{"line":59,"column":64},"end":{"line":168,"column":1}}}},"branchMap":{"0":{"loc":{"start":{"line":45,"column":73},"end":{"line":45,"column":93}},"type":"binary-expr","locations":[{"start":{"line":45,"column":73},"end":{"line":45,"column":85}},{"start":{"line":45,"column":89},"end":{"line":45,"column":93}}]},"1":{"loc":{"start":{"line":67,"column":4},"end":{"line":70,"column":5}},"type":"if","locations":[{"start":{"line":67,"column":4},"end":{"line":70,"column":5}}]},"2":{"loc":{"start":{"line":75,"column":4},"end":{"line":86,"column":5}},"type":"if","locations":[{"start":{"line":75,"column":4},"end":{"line":86,"column":5}}]},"3":{"loc":{"start":{"line":93,"column":4},"end":{"line":104,"column":5}},"type":"if","locations":[{"start":{"line":93,"column":4},"end":{"line":104,"column":5}}]},"4":{"loc":{"start":{"line":114,"column":27},"end":{"line":114,"column":83}},"type":"cond-expr","locations":[{"start":{"line":114,"column":52},"end":{"line":114,"column":65}},{"start":{"line":114,"column":68},"end":{"line":114,"column":83}}]},"5":{"loc":{"start":{"line":134,"column":27},"end":{"line":134,"column":83}},"type":"cond-expr","locations":[{"start":{"line":134,"column":52},"end":{"line":134,"column":65}},{"start":{"line":134,"column":68},"end":{"line":134,"column":83}}]},"6":{"loc":{"start":{"line":151,"column":25},"end":{"line":151,"column":81}},"type":"cond-expr","locations":[{"start":{"line":151,"column":50},"end":{"line":151,"column":63}},{"start":{"line":151,"column":66},"end":{"line":151,"column":81}}]}},"s":{"0":1,"1":1,"2":1,"3":1,"4":1,"5":6,"6":6,"7":5,"8":5,"9":6,"10":6,"11":6,"12":6,"13":6,"14":1,"15":1,"16":5,"17":5,"18":1,"19":1,"20":1,"21":4,"22":4,"23":4,"24":1,"25":1,"26":1,"27":3,"28":3,"29":3,"30":3,"31":2,"32":1,"33":1,"34":1,"35":1,"36":2,"37":2,"38":1,"39":1,"40":1,"41":2,"42":2,"43":0,"44":0,"45":0,"46":0,"47":0},"f":{"0":6,"1":5,"2":6},"b":{"0":[5,2],"1":[1],"2":[1],"3":[1],"4":[1,0],"5":[1,0],"6":[0,0]}}
,"/workspace/sevdesk-shopify-connector/src/test/fixtures.ts": {"path":"/workspace/sevdesk-shopify-connector/src/test/fixtures.ts","statementMap":{"0":{"start":{"line":11,"column":13},"end":{"line":72,"column":2}},"1":{"start":{"line":77,"column":13},"end":{"line":133,"column":2}},"2":{"start":{"line":138,"column":13},"end":{"line":156,"column":2}},"3":{"start":{"line":161,"column":13},"end":{"line":211,"column":2}}},"fnMap":{},"branchMap":{},"s":{"0":3,"1":3,"2":3,"3":3},"f":{},"b":{}}
}
