TN:
SF:src/clients/sevdesk.ts
FN:13,(anonymous_0)
FN:18,(anonymous_1)
FN:38,(anonymous_2)
FN:50,(anonymous_3)
FN:68,(anonymous_4)
FN:80,(anonymous_5)
FNF:6
FNH:6
FNDA:10,(anonymous_0)
FNDA:9,(anonymous_1)
FNDA:3,(anonymous_2)
FNDA:3,(anonymous_3)
FNDA:2,(anonymous_4)
FNDA:1,(anonymous_5)
DA:1,1
DA:9,1
DA:14,10
DA:15,10
DA:19,9
DA:21,9
DA:30,9
DA:31,1
DA:32,1
DA:35,8
DA:39,3
DA:43,2
DA:44,1
DA:47,1
DA:51,3
DA:53,3
DA:54,1
DA:55,1
DA:59,3
DA:61,3
DA:63,3
DA:65,3
DA:69,2
DA:73,2
DA:74,1
DA:77,1
DA:81,1
DA:83,1
DA:85,1
DA:89,1
LF:30
LH:30
BRDA:18,0,0,9
BRDA:30,1,0,1
BRDA:43,2,0,1
BRDA:53,3,0,1
BRDA:73,4,0,1
BRF:5
BRH:5
end_of_record
TN:
SF:src/clients/shopify.ts
FN:13,(anonymous_0)
FN:17,(anonymous_1)
FN:54,(anonymous_2)
FN:77,(anonymous_3)
FN:83,(anonymous_4)
FN:110,(anonymous_5)
FN:138,(anonymous_6)
FN:190,(anonymous_7)
FN:220,(anonymous_8)
FNF:9
FNH:6
FNDA:8,(anonymous_0)
FNDA:4,(anonymous_1)
FNDA:4,(anonymous_2)
FNDA:0,(anonymous_3)
FNDA:0,(anonymous_4)
FNDA:0,(anonymous_5)
FNDA:3,(anonymous_6)
FNDA:2,(anonymous_7)
FNDA:1,(anonymous_8)
DA:1,1
DA:9,1
DA:10,6
DA:11,6
DA:14,8
DA:19,4
DA:20,0
DA:24,4
DA:26,4
DA:38,4
DA:39,0
DA:40,0
DA:43,4
DA:46,4
DA:47,4
DA:49,4
DA:51,4
DA:55,4
DA:57,4
DA:69,4
DA:70,0
DA:71,0
DA:74,4
DA:76,4
DA:77,0
DA:80,4
DA:84,0
DA:107,0
DA:111,0
DA:130,0
DA:131,0
DA:139,3
DA:140,1
DA:141,1
DA:144,2
DA:168,2
DA:169,2
DA:174,2
DA:175,1
DA:176,1
DA:180,1
DA:181,1
DA:183,1
DA:191,2
DA:206,2
DA:218,2
DA:219,1
DA:220,1
DA:222,1
DA:225,1
DA:226,0
DA:229,1
DA:230,1
DA:234,1
LF:54
LH:42
BRDA:19,0,0,0
BRDA:19,1,0,4
BRDA:19,1,1,0
BRDA:19,1,2,0
BRDA:38,2,0,0
BRDA:69,3,0,0
BRDA:76,4,0,0
BRDA:76,5,0,4
BRDA:76,5,1,0
BRDA:83,6,0,0
BRDA:139,7,0,1
BRDA:174,8,0,1
BRDA:174,9,0,2
BRDA:174,9,1,2
BRDA:218,10,0,1
BRDA:218,11,0,2
BRDA:218,11,1,2
BRDA:225,12,0,0
BRF:18
BRH:9
end_of_record
TN:
SF:src/services/emailSender.ts
FN:33,sendPaymentEmail
FN:65,sendPaymentReminderEmail
FNF:2
FNH:2
FNDA:2,sendPaymentEmail
FNDA:2,sendPaymentReminderEmail
DA:33,1
DA:34,2
DA:35,2
DA:36,2
DA:52,2
DA:54,2
DA:65,1
DA:72,2
DA:73,2
DA:74,2
DA:79,2
LF:11
LH:11
BRF:0
BRH:0
end_of_record
TN:
SF:src/services/processor.ts
FN:21,isAlreadyProcessed
FN:33,recordNotification
FN:59,processPaidInvoice
FNF:3
FNH:3
FNDA:6,isAlreadyProcessed
FNDA:5,recordNotification
FNDA:6,processPaidInvoice
DA:2,1
DA:3,1
DA:4,1
DA:5,1
DA:22,6
DA:27,6
DA:41,5
DA:47,5
DA:59,1
DA:60,6
DA:62,6
DA:64,6
DA:66,6
DA:67,6
DA:68,1
DA:69,1
DA:73,5
DA:75,5
DA:76,1
DA:77,1
DA:85,1
DA:88,4
DA:91,4
DA:93,4
DA:94,1
DA:95,1
DA:103,1
DA:106,3
DA:107,3
DA:110,3
DA:111,3
DA:112,2
DA:114,1
DA:115,1
DA:116,1
DA:124,1
DA:130,2
DA:131,2
DA:132,1
DA:134,1
DA:135,1
DA:140,2
DA:148,2
DA:151,0
DA:152,0
DA:155,0
DA:156,0
DA:165,0
LF:48
LH:43
BRDA:45,0,0,5
BRDA:45,0,1,2
BRDA:67,1,0,1
BRDA:75,2,0,1
BRDA:93,3,0,1
BRDA:114,4,0,1
BRDA:114,4,1,0
BRDA:134,5,0,1
BRDA:134,5,1,0
BRDA:151,6,0,0
BRDA:151,6,1,0
BRF:11
BRH:7
end_of_record
TN:
SF:src/test/fixtures.ts
FNF:0
FNH:0
DA:11,3
DA:77,3
DA:138,3
DA:161,3
LF:4
LH:4
BRF:0
BRH:0
end_of_record
